#
# There is insufficient memory for the Java Runtime Environment to continue.
# Native memory allocation (malloc) failed to allocate 765776 bytes for Chunk::new
# Possible reasons:
#   The system is out of physical RAM or swap space
#   The process is running with CompressedOops enabled, and the Java Heap may be blocking the growth of the native heap
# Possible solutions:
#   Reduce memory load on the system
#   Increase physical memory or swap space
#   Check if swap backing store is full
#   Decrease Java heap size (-Xmx/-Xms)
#   Decrease number of Java threads
#   Decrease Java thread stack sizes (-Xss)
#   Set larger code cache with -XX:ReservedCodeCacheSize=
#   JVM is running with Zero Based Compressed Oops mode in which the Java heap is
#     placed in the first 32GB address space. The Java Heap base address is the
#     maximum limit for the native heap growth. Please use -XX:HeapBaseMinAddress
#     to set the Java Heap base and to place the Java Heap above 32GB virtual address.
# This output file may be truncated or incomplete.
#
#  Out of Memory Error (allocation.cpp:389), pid=87352, tid=0x000000000000e4c4
#
# JRE version: Java(TM) SE Runtime Environment (8.0_231-b11) (build 1.8.0_231-b11)
# Java VM: Java HotSpot(TM) 64-Bit Server VM (25.231-b11 mixed mode windows-amd64 compressed oops)
# Failed to write core dump. Minidumps are not enabled by default on client versions of Windows
#

---------------  T H R E A D  ---------------

Current thread (0x000000001e81b000):  JavaThread "C2 CompilerThread1" daemon [_thread_in_native, id=58564, stack(0x000000001ef90000,0x000000001f090000)]

Stack: [0x000000001ef90000,0x000000001f090000]
[error occurred during error reporting (printing stack bounds), id 0xc0000005]

Native frames: (J=compiled Java code, j=interpreted, Vv=VM code, C=native code)


Current CompileTask:
C2:   2948 1715   !   4       org.jf.baksmali.Adaptors.Format.InstructionMethodItem::writeTo (1625 bytes)


---------------  P R O C E S S  ---------------

Java Threads: ( => current thread )
  0x00000000200dd000 JavaThread "pool-1-thread-6" [_thread_in_native, id=86660, stack(0x0000000023110000,0x0000000023210000)]
  0x00000000200dc800 JavaThread "pool-1-thread-5" [_thread_in_native, id=79932, stack(0x0000000022030000,0x0000000022130000)]
  0x00000000200db800 JavaThread "pool-1-thread-4" [_thread_in_native, id=87360, stack(0x0000000021f30000,0x0000000022030000)]
  0x00000000200db000 JavaThread "pool-1-thread-3" [_thread_in_native, id=87968, stack(0x0000000021e30000,0x0000000021f30000)]
  0x00000000200da000 JavaThread "pool-1-thread-2" [_thread_in_native, id=82564, stack(0x0000000021d30000,0x0000000021e30000)]
  0x00000000200d9800 JavaThread "pool-1-thread-1" [_thread_in_native, id=77956, stack(0x0000000021c30000,0x0000000021d30000)]
  0x000000001e8ce800 JavaThread "Service Thread" daemon [_thread_blocked, id=86996, stack(0x000000001f290000,0x000000001f390000)]
  0x000000001e829000 JavaThread "C1 CompilerThread3" daemon [_thread_blocked, id=87008, stack(0x000000001f190000,0x000000001f290000)]
  0x000000001e823000 JavaThread "C2 CompilerThread2" daemon [_thread_in_native, id=87656, stack(0x000000001f090000,0x000000001f190000)]
=>0x000000001e81b000 JavaThread "C2 CompilerThread1" daemon [_thread_in_native, id=58564, stack(0x000000001ef90000,0x000000001f090000)]
  0x000000001e818000 JavaThread "C2 CompilerThread0" daemon [_thread_in_native, id=81616, stack(0x000000001ee90000,0x000000001ef90000)]
  0x000000001e816000 JavaThread "Attach Listener" daemon [_thread_blocked, id=85520, stack(0x000000001ed90000,0x000000001ee90000)]
  0x000000001e815800 JavaThread "Signal Dispatcher" daemon [_thread_blocked, id=86804, stack(0x000000001ec90000,0x000000001ed90000)]
  0x000000001e7b1800 JavaThread "Finalizer" daemon [_thread_blocked, id=86460, stack(0x000000001eb90000,0x000000001ec90000)]
  0x000000001c8bd800 JavaThread "Reference Handler" daemon [_thread_blocked, id=85760, stack(0x000000001e690000,0x000000001e790000)]
  0x0000000000f0e000 JavaThread "main" [_thread_blocked, id=70216, stack(0x0000000002c00000,0x0000000002d00000)]

Other Threads:
  0x000000001c8b8800 VMThread [stack: 0x000000001e590000,0x000000001e690000] [id=87820]
  0x000000001e8f9800 WatcherThread [stack: 0x000000001f390000,0x000000001f490000] [id=77152]

VM state:not at safepoint (normal execution)

VM Mutex/Monitor currently owned by a thread: None

heap address: 0x00000006c0a00000, size: 4086 MB, Compressed Oops mode: Zero based, Oop shift amount: 3
Narrow klass base: 0x0000000000000000, Narrow klass shift: 3
Compressed class space size: 1073741824 Address: 0x00000007c0000000

Heap:
 PSYoungGen      total 272896K, used 53021K [0x000000076ae00000, 0x0000000788d00000, 0x00000007c0000000)
  eden space 262144K, 16% used [0x000000076ae00000,0x000000076d74cb28,0x000000077ae00000)
  from space 10752K, 99% used [0x000000077ae00000,0x000000077b87ac70,0x000000077b880000)
  to   space 35328K, 0% used [0x0000000786a80000,0x0000000786a80000,0x0000000788d00000)
 ParOldGen       total 175104K, used 62034K [0x00000006c0a00000, 0x00000006cb500000, 0x000000076ae00000)
  object space 175104K, 35% used [0x00000006c0a00000,0x00000006c4694838,0x00000006cb500000)
 Metaspace       used 10048K, capacity 10350K, committed 10624K, reserved 1058816K
  class space    used 1265K, capacity 1354K, committed 1408K, reserved 1048576K

Card table byte_map: [0x00000000121c0000,0x00000000129c0000] byte_map_base: 0x000000000ebbb000

Marking Bits: (ParMarkBitMap*) 0x0000000059c46d90
 Begin Bits: [0x0000000013720000, 0x00000000176f8000)
 End Bits:   [0x00000000176f8000, 0x000000001b6d0000)

Polling page: 0x0000000000eb0000

CodeCache: size=245760Kb used=6891Kb max_used=6899Kb free=238868Kb
 bounds [0x0000000002e00000, 0x00000000034d0000, 0x0000000011e00000]
 total_blobs=2171 nmethods=1850 adapters=233
 compilation: enabled

Compilation events (10 events):
Event: 2.738 Thread 0x000000001e829000 1829       3       java.util.Formatter$FormatSpecifier::printString (105 bytes)
Event: 2.739 Thread 0x000000001e829000 nmethod 1829 0x00000000034aa790 code [0x00000000034aaa60, 0x00000000034abe18]
Event: 2.739 Thread 0x000000001e829000 1830       3       java.util.Formatter$FormatSpecifier::print (66 bytes)
Event: 2.739 Thread 0x000000001e829000 nmethod 1830 0x00000000034ac950 code [0x00000000034acb20, 0x00000000034ad338]
Event: 2.739 Thread 0x000000001e829000 1831       3       org.jf.dexlib2.dexbacked.DexBackedClassDef$5$1::readNextItem (6 bytes)
Event: 2.739 Thread 0x000000001e829000 nmethod 1831 0x00000000034a5a10 code [0x00000000034a5b80, 0x00000000034a5d08]
Event: 2.739 Thread 0x000000001e829000 1832       3       org.jf.dexlib2.dexbacked.DexBackedClassDef$5$1::readNextItem (121 bytes)
Event: 2.739 Thread 0x000000001e829000 nmethod 1832 0x00000000034ad650 code [0x00000000034ad800, 0x00000000034ade48]
Event: 2.746 Thread 0x000000001e818000 nmethod 1825 0x00000000034b13d0 code [0x00000000034b1540, 0x00000000034b1c18]
Event: 2.746 Thread 0x000000001e818000 1801   !   4       java.io.BufferedWriter::write (184 bytes)

GC Heap History (10 events):
Event: 1.267 GC heap before
{Heap before GC invocations=5 (full 0):
 PSYoungGen      total 272896K, used 272864K [0x000000076ae00000, 0x000000077c300000, 0x00000007c0000000)
  eden space 262144K, 100% used [0x000000076ae00000,0x000000077ae00000,0x000000077ae00000)
  from space 10752K, 99% used [0x000000077b880000,0x000000077c2f8300,0x000000077c300000)
  to   space 10752K, 0% used [0x000000077ae00000,0x000000077ae00000,0x000000077b880000)
 ParOldGen       total 175104K, used 39016K [0x00000006c0a00000, 0x00000006cb500000, 0x000000076ae00000)
  object space 175104K, 22% used [0x00000006c0a00000,0x00000006c301a0a8,0x00000006cb500000)
 Metaspace       used 4895K, capacity 5374K, committed 5504K, reserved 1056768K
  class space    used 529K, capacity 562K, committed 640K, reserved 1048576K
Event: 1.275 GC heap after
Heap after GC invocations=5 (full 0):
 PSYoungGen      total 272896K, used 10720K [0x000000076ae00000, 0x000000077c300000, 0x00000007c0000000)
  eden space 262144K, 0% used [0x000000076ae00000,0x000000076ae00000,0x000000077ae00000)
  from space 10752K, 99% used [0x000000077ae00000,0x000000077b878300,0x000000077b880000)
  to   space 10752K, 0% used [0x000000077b880000,0x000000077b880000,0x000000077c300000)
 ParOldGen       total 175104K, used 39380K [0x00000006c0a00000, 0x00000006cb500000, 0x000000076ae00000)
  object space 175104K, 22% used [0x00000006c0a00000,0x00000006c30750b8,0x00000006cb500000)
 Metaspace       used 4895K, capacity 5374K, committed 5504K, reserved 1056768K
  class space    used 529K, capacity 562K, committed 640K, reserved 1048576K
}
Event: 1.469 GC heap before
{Heap before GC invocations=6 (full 0):
 PSYoungGen      total 272896K, used 272864K [0x000000076ae00000, 0x000000077c300000, 0x00000007c0000000)
  eden space 262144K, 100% used [0x000000076ae00000,0x000000077ae00000,0x000000077ae00000)
  from space 10752K, 99% used [0x000000077ae00000,0x000000077b878300,0x000000077b880000)
  to   space 10752K, 0% used [0x000000077b880000,0x000000077b880000,0x000000077c300000)
 ParOldGen       total 175104K, used 39380K [0x00000006c0a00000, 0x00000006cb500000, 0x000000076ae00000)
  object space 175104K, 22% used [0x00000006c0a00000,0x00000006c30750b8,0x00000006cb500000)
 Metaspace       used 4895K, capacity 5374K, committed 5504K, reserved 1056768K
  class space    used 529K, capacity 562K, committed 640K, reserved 1048576K
Event: 1.477 GC heap after
Heap after GC invocations=6 (full 0):
 PSYoungGen      total 272896K, used 10736K [0x000000076ae00000, 0x000000077c300000, 0x00000007c0000000)
  eden space 262144K, 0% used [0x000000076ae00000,0x000000076ae00000,0x000000077ae00000)
  from space 10752K, 99% used [0x000000077b880000,0x000000077c2fc310,0x000000077c300000)
  to   space 10752K, 0% used [0x000000077ae00000,0x000000077ae00000,0x000000077b880000)
 ParOldGen       total 175104K, used 39668K [0x00000006c0a00000, 0x00000006cb500000, 0x000000076ae00000)
  object space 175104K, 22% used [0x00000006c0a00000,0x00000006c30bd0c8,0x00000006cb500000)
 Metaspace       used 4895K, capacity 5374K, committed 5504K, reserved 1056768K
  class space    used 529K, capacity 562K, committed 640K, reserved 1048576K
}
Event: 1.671 GC heap before
{Heap before GC invocations=7 (full 0):
 PSYoungGen      total 272896K, used 272880K [0x000000076ae00000, 0x000000077c300000, 0x00000007c0000000)
  eden space 262144K, 100% used [0x000000076ae00000,0x000000077ae00000,0x000000077ae00000)
  from space 10752K, 99% used [0x000000077b880000,0x000000077c2fc310,0x000000077c300000)
  to   space 10752K, 0% used [0x000000077ae00000,0x000000077ae00000,0x000000077b880000)
 ParOldGen       total 175104K, used 39668K [0x00000006c0a00000, 0x00000006cb500000, 0x000000076ae00000)
  object space 175104K, 22% used [0x00000006c0a00000,0x00000006c30bd0c8,0x00000006cb500000)
 Metaspace       used 4895K, capacity 5374K, committed 5504K, reserved 1056768K
  class space    used 529K, capacity 562K, committed 640K, reserved 1048576K
Event: 1.679 GC heap after
Heap after GC invocations=7 (full 0):
 PSYoungGen      total 272896K, used 3040K [0x000000076ae00000, 0x000000077c300000, 0x00000007c0000000)
  eden space 262144K, 0% used [0x000000076ae00000,0x000000076ae00000,0x000000077ae00000)
  from space 10752K, 28% used [0x000000077ae00000,0x000000077b0f8160,0x000000077b880000)
  to   space 10752K, 0% used [0x000000077b880000,0x000000077b880000,0x000000077c300000)
 ParOldGen       total 175104K, used 47932K [0x00000006c0a00000, 0x00000006cb500000, 0x000000076ae00000)
  object space 175104K, 27% used [0x00000006c0a00000,0x00000006c38cf3f8,0x00000006cb500000)
 Metaspace       used 4895K, capacity 5374K, committed 5504K, reserved 1056768K
  class space    used 529K, capacity 562K, committed 640K, reserved 1048576K
}
Event: 1.882 GC heap before
{Heap before GC invocations=8 (full 0):
 PSYoungGen      total 272896K, used 265184K [0x000000076ae00000, 0x000000077c300000, 0x00000007c0000000)
  eden space 262144K, 100% used [0x000000076ae00000,0x000000077ae00000,0x000000077ae00000)
  from space 10752K, 28% used [0x000000077ae00000,0x000000077b0f8160,0x000000077b880000)
  to   space 10752K, 0% used [0x000000077b880000,0x000000077b880000,0x000000077c300000)
 ParOldGen       total 175104K, used 47932K [0x00000006c0a00000, 0x00000006cb500000, 0x000000076ae00000)
  object space 175104K, 27% used [0x00000006c0a00000,0x00000006c38cf3f8,0x00000006cb500000)
 Metaspace       used 4895K, capacity 5374K, committed 5504K, reserved 1056768K
  class space    used 529K, capacity 562K, committed 640K, reserved 1048576K
Event: 1.886 GC heap after
Heap after GC invocations=8 (full 0):
 PSYoungGen      total 272896K, used 1344K [0x000000076ae00000, 0x000000077c300000, 0x00000007c0000000)
  eden space 262144K, 0% used [0x000000076ae00000,0x000000076ae00000,0x000000077ae00000)
  from space 10752K, 12% used [0x000000077b880000,0x000000077b9d0000,0x000000077c300000)
  to   space 10752K, 0% used [0x000000077ae00000,0x000000077ae00000,0x000000077b880000)
 ParOldGen       total 175104K, used 49925K [0x00000006c0a00000, 0x00000006cb500000, 0x000000076ae00000)
  object space 175104K, 28% used [0x00000006c0a00000,0x00000006c3ac1688,0x00000006cb500000)
 Metaspace       used 4895K, capacity 5374K, committed 5504K, reserved 1056768K
  class space    used 529K, capacity 562K, committed 640K, reserved 1048576K
}
Event: 2.466 GC heap before
{Heap before GC invocations=9 (full 0):
 PSYoungGen      total 272896K, used 263488K [0x000000076ae00000, 0x000000077c300000, 0x00000007c0000000)
  eden space 262144K, 100% used [0x000000076ae00000,0x000000077ae00000,0x000000077ae00000)
  from space 10752K, 12% used [0x000000077b880000,0x000000077b9d0000,0x000000077c300000)
  to   space 10752K, 0% used [0x000000077ae00000,0x000000077ae00000,0x000000077b880000)
 ParOldGen       total 175104K, used 49925K [0x00000006c0a00000, 0x00000006cb500000, 0x000000076ae00000)
  object space 175104K, 28% used [0x00000006c0a00000,0x00000006c3ac1688,0x00000006cb500000)
 Metaspace       used 7887K, capacity 8030K, committed 8192K, reserved 1056768K
  class space    used 935K, capacity 978K, committed 1024K, reserved 1048576K
Event: 2.473 GC heap after
Heap after GC invocations=9 (full 0):
 PSYoungGen      total 272896K, used 10731K [0x000000076ae00000, 0x0000000788d00000, 0x00000007c0000000)
  eden space 262144K, 0% used [0x000000076ae00000,0x000000076ae00000,0x000000077ae00000)
  from space 10752K, 99% used [0x000000077ae00000,0x000000077b87ac70,0x000000077b880000)
  to   space 35328K, 0% used [0x0000000786a80000,0x0000000786a80000,0x0000000788d00000)
 ParOldGen       total 175104K, used 62034K [0x00000006c0a00000, 0x00000006cb500000, 0x000000076ae00000)
  object space 175104K, 35% used [0x00000006c0a00000,0x00000006c4694838,0x00000006cb500000)
 Metaspace       used 7887K, capacity 8030K, committed 8192K, reserved 1056768K
  class space    used 935K, capacity 978K, committed 1024K, reserved 1048576K
}

Deoptimization events (10 events):
Event: 2.607 Thread 0x00000000200dd000 Uncommon trap: reason=unstable_if action=reinterpret pc=0x0000000003051140 method=java.lang.Integer.numberOfLeadingZeros(I)I @ 13
Event: 2.610 Thread 0x00000000200dc800 Uncommon trap: reason=unstable_if action=reinterpret pc=0x0000000003051c14 method=java.util.HashMap.getNode(ILjava/lang/Object;)Ljava/util/HashMap$Node; @ 62
Event: 2.610 Thread 0x00000000200dc800 Uncommon trap: reason=unstable_if action=reinterpret pc=0x00000000032a4b84 method=java.lang.ThreadLocal$ThreadLocalMap.getEntry(Ljava/lang/ThreadLocal;)Ljava/lang/ThreadLocal$ThreadLocalMap$Entry; @ 21
Event: 2.616 Thread 0x00000000200d9800 Uncommon trap: reason=unstable_if action=reinterpret pc=0x000000000336f2ac method=java.io.BufferedWriter.write(I)V @ 19
Event: 2.654 Thread 0x00000000200dd000 Uncommon trap: reason=unstable_if action=reinterpret pc=0x0000000002fcf664 method=java.lang.Integer.valueOf(I)Ljava/lang/Integer; @ 3
Event: 2.672 Thread 0x00000000200db800 Uncommon trap: reason=unstable_if action=reinterpret pc=0x00000000033875a0 method=java.io.BufferedWriter.write(I)V @ 19
Event: 2.679 Thread 0x00000000200db800 Uncommon trap: reason=unstable_if action=reinterpret pc=0x000000000341313c method=java.io.BufferedWriter.write([CII)V @ 159
Event: 2.689 Thread 0x00000000200db800 Uncommon trap: reason=unstable_if action=reinterpret pc=0x000000000342a7d4 method=java.io.BufferedWriter.write([CII)V @ 159
Event: 2.713 Thread 0x00000000200da000 Uncommon trap: reason=unstable_if action=reinterpret pc=0x00000000033e5b04 method=org.jf.util.IndentingWriter.write(Ljava/lang/String;II)V @ 12
Event: 2.713 Thread 0x00000000200da000 Uncommon trap: reason=unstable_if action=reinterpret pc=0x0000000003403370 method=org.jf.util.IndentingWriter.write(Ljava/lang/String;II)V @ 12

Classes redefined (0 events):
No events

Internal exceptions (10 events):
Event: 0.123 Thread 0x0000000000f0e000 Exception <a 'java/security/PrivilegedActionException'> (0x000000076b108170) thrown at [C:\re\workspace\8-2-build-windows-amd64-cygwin\jdk8u231\13620\hotspot\src\share\vm\prims\jvm.cpp, line 1502]
Event: 0.123 Thread 0x0000000000f0e000 Exception <a 'java/security/PrivilegedActionException'> (0x000000076b108380) thrown at [C:\re\workspace\8-2-build-windows-amd64-cygwin\jdk8u231\13620\hotspot\src\share\vm\prims\jvm.cpp, line 1502]
Event: 0.208 Thread 0x0000000000f0e000 Implicit null exception at 0x0000000002f620ed to 0x0000000002f62731
Event: 0.233 Thread 0x0000000000f0e000 Implicit null exception at 0x0000000002f69c13 to 0x0000000002f6a5d5
Event: 2.187 Thread 0x0000000000f0e000 Implicit null exception at 0x0000000002f5fb7d to 0x0000000002f60005
Event: 2.193 Thread 0x0000000000f0e000 Implicit null exception at 0x000000000312db60 to 0x000000000312dd4d
Event: 2.589 Thread 0x00000000200dc800 Exception <a 'java/lang/NoSuchFieldError': method resolution failed> (0x000000076af1c970) thrown at [C:\re\workspace\8-2-build-windows-amd64-cygwin\jdk8u231\13620\hotspot\src\share\vm\prims\methodHandles.cpp, line 1167]
Event: 2.591 Thread 0x00000000200dc800 Exception <a 'java/lang/NoSuchFieldError': method resolution failed> (0x000000076af2a0b0) thrown at [C:\re\workspace\8-2-build-windows-amd64-cygwin\jdk8u231\13620\hotspot\src\share\vm\prims\methodHandles.cpp, line 1167]
Event: 2.607 Thread 0x00000000200dd000 Implicit null exception at 0x000000000329877c to 0x0000000003298809
Event: 2.610 Thread 0x00000000200dc800 Implicit null exception at 0x00000000032a4af4 to 0x00000000032a4b69

Events (10 events):
Event: 2.713 loading class org/jf/dexlib2/dexbacked/instruction/DexBackedArrayPayload$1ReturnedList
Event: 2.713 loading class org/jf/dexlib2/dexbacked/instruction/DexBackedArrayPayload$1ReturnedList done
Event: 2.713 Thread 0x00000000200da000 Uncommon trap: trap_request=0xffffff65 fr.pc=0x00000000033e5b04
Event: 2.713 Thread 0x00000000200da000 DEOPT PACKING pc=0x00000000033e5b04 sp=0x0000000021e2ef80
Event: 2.713 Thread 0x00000000200da000 DEOPT UNPACKING pc=0x0000000002e4583b sp=0x0000000021e2ef30 mode 2
Event: 2.713 Thread 0x00000000200da000 Uncommon trap: trap_request=0xffffff65 fr.pc=0x0000000003403370
Event: 2.713 Thread 0x00000000200da000 DEOPT PACKING pc=0x0000000003403370 sp=0x0000000021e2ef10
Event: 2.713 Thread 0x00000000200da000 DEOPT UNPACKING pc=0x0000000002e4583b sp=0x0000000021e2ef30 mode 2
Event: 2.716 Executing VM operation: ForceSafepoint
Event: 2.716 Executing VM operation: ForceSafepoint done


Dynamic libraries:
0x00007ff636a40000 - 0x00007ff636a77000 	C:\Program Files (x86)\Common Files\Oracle\Java\javapath\java.exe
0x00007ffc59c60000 - 0x00007ffc59e50000 	C:\WINDOWS\SYSTEM32\ntdll.dll
0x00007ffc58e90000 - 0x00007ffc58f42000 	C:\WINDOWS\System32\KERNEL32.DLL
0x00007ffc56cf0000 - 0x00007ffc56f93000 	C:\WINDOWS\System32\KERNELBASE.dll
0x00007ffc59330000 - 0x00007ffc593d3000 	C:\WINDOWS\System32\ADVAPI32.dll
0x00007ffc57e30000 - 0x00007ffc57ece000 	C:\WINDOWS\System32\msvcrt.dll
0x00007ffc591f0000 - 0x00007ffc59287000 	C:\WINDOWS\System32\sechost.dll
0x00007ffc57d10000 - 0x00007ffc57e30000 	C:\WINDOWS\System32\RPCRT4.dll
0x00007ffc59050000 - 0x00007ffc591e4000 	C:\WINDOWS\System32\USER32.dll
0x00007ffc56ca0000 - 0x00007ffc56cc1000 	C:\WINDOWS\System32\win32u.dll
0x00007ffc59940000 - 0x00007ffc59966000 	C:\WINDOWS\System32\GDI32.dll
0x00007ffc572f0000 - 0x00007ffc57484000 	C:\WINDOWS\System32\gdi32full.dll
0x00007ffc57490000 - 0x00007ffc5752e000 	C:\WINDOWS\System32\msvcp_win.dll
0x00007ffc57140000 - 0x00007ffc5723a000 	C:\WINDOWS\System32\ucrtbase.dll
0x00007ffc4a990000 - 0x00007ffc4ac15000 	C:\WINDOWS\WinSxS\amd64_microsoft.windows.common-controls_6595b64144ccf1df_6.0.18362.657_none_e6c5b579130e3898\COMCTL32.dll
0x00007ffc58790000 - 0x00007ffc58ac6000 	C:\WINDOWS\System32\combase.dll
0x00007ffc56bf0000 - 0x00007ffc56c70000 	C:\WINDOWS\System32\bcryptPrimitives.dll
0x00007ffc599e0000 - 0x00007ffc59a0e000 	C:\WINDOWS\System32\IMM32.DLL
0x0000000059cd0000 - 0x0000000059da2000 	C:\Program Files\Java\jre1.8.0_231\bin\msvcr100.dll
0x0000000059420000 - 0x0000000059cc6000 	C:\Program Files\Java\jre1.8.0_231\bin\server\jvm.dll
0x00007ffc59320000 - 0x00007ffc59328000 	C:\WINDOWS\System32\PSAPI.DLL
0x00007ffc47d00000 - 0x00007ffc47d09000 	C:\WINDOWS\SYSTEM32\WSOCK32.dll
0x00007ffc50020000 - 0x00007ffc5002a000 	C:\WINDOWS\SYSTEM32\VERSION.dll
0x00007ffc54e30000 - 0x00007ffc54e54000 	C:\WINDOWS\SYSTEM32\WINMM.dll
0x00007ffc59970000 - 0x00007ffc599df000 	C:\WINDOWS\System32\WS2_32.dll
0x00007ffc54ab0000 - 0x00007ffc54add000 	C:\WINDOWS\SYSTEM32\winmmbase.dll
0x00007ffc570f0000 - 0x00007ffc5713a000 	C:\WINDOWS\System32\cfgmgr32.dll
0x00007ffc54cb0000 - 0x00007ffc54cbf000 	C:\Program Files\Java\jre1.8.0_231\bin\verify.dll
0x00007ffc49390000 - 0x00007ffc493b9000 	C:\Program Files\Java\jre1.8.0_231\bin\java.dll
0x00007ffc4a550000 - 0x00007ffc4a566000 	C:\Program Files\Java\jre1.8.0_231\bin\zip.dll
0x00007ffc57ed0000 - 0x00007ffc585b5000 	C:\WINDOWS\System32\SHELL32.dll
0x00007ffc58c80000 - 0x00007ffc58d29000 	C:\WINDOWS\System32\shcore.dll
0x00007ffc57530000 - 0x00007ffc57caf000 	C:\WINDOWS\System32\windows.storage.dll
0x00007ffc56b90000 - 0x00007ffc56baf000 	C:\WINDOWS\System32\profapi.dll
0x00007ffc56b40000 - 0x00007ffc56b8a000 	C:\WINDOWS\System32\powrprof.dll
0x00007ffc56b30000 - 0x00007ffc56b40000 	C:\WINDOWS\System32\UMPDC.dll
0x00007ffc585c0000 - 0x00007ffc58612000 	C:\WINDOWS\System32\shlwapi.dll
0x00007ffc56bb0000 - 0x00007ffc56bc1000 	C:\WINDOWS\System32\kernel.appcore.dll
0x00007ffc56cd0000 - 0x00007ffc56ce7000 	C:\WINDOWS\System32\cryptsp.dll

VM Arguments:
java_command: apktool.jar d E:\00-工作\CN_冰峰客户端\20-03.06-v1.5.120.2010-最新资源母包\tssy-v1.5.120.2010_full_0306.apk
java_class_path (initial): apktool.jar
Launcher Type: SUN_STANDARD

Environment Variables:
JAVA_HOME=C:\Program Files\Java\jre1.8.0_231
JRE_HOME=C:\Program Files\Java\jre1.8.0_231
PATH=C:\Program Files (x86)\Common Files\Oracle\Java\javapath;d:\IM Console\IM Console\im_webserver\php;C:\ProgramData\Oracle\Java\javapath;C:\Windows\system32;C:\Windows;C:\Windows\System32\Wbem;C:\Windows\System32\WindowsPowerShell\v1.0\;C:\Program Files (x86)\NVIDIA Corporation\PhysX\Common;C:\WINDOWS\system32;C:\WINDOWS;C:\WINDOWS\System32\Wbem;C:\WINDOWS\System32\WindowsPowerShell\v1.0\;C:\Python27;D:\TortoiseSVN\bin;C:\Users\user\AppData\Local\Microsoft\WindowsApps;d:\Fiddler;d:\Git\cmd;C:\WINDOWS\system32;C:\WINDOWS;C:\WINDOWS\System32\Wbem;C:\WINDOWS\System32\WindowsPowerShell\v1.0\;C:\WINDOWS\System32\OpenSSH\;d:\Microsoft VS Code\bin;d:\Lua\5.1;d:\Lua\5.1\clibs;D:\adb;D:\Amazon\AWSCLI\;C:\Program Files\Java\jdk-13.0.1\bin;C:\Users\user\AppData\Local\Microsoft\WindowsApps;d:\Fiddler;%USERPROFILE%\AppData\Local\Microsoft\WindowsApps;C:\Users\user\AppData\Local\BypassRuntm
USERNAME=user
OS=Windows_NT
PROCESSOR_IDENTIFIER=Intel64 Family 6 Model 158 Stepping 9, GenuineIntel



---------------  S Y S T E M  ---------------

OS: Windows 10.0 , 64 bit Build 18362 (10.0.18362.329)

CPU:total 8 (initial active 8) (4 cores per cpu, 2 threads per core) family 6 model 158 stepping 9, cmov, cx8, fxsr, mmx, sse, sse2, sse3, ssse3, sse4.1, sse4.2, popcnt, avx, avx2, aes, clmul, erms, rtm, 3dnowpref, lzcnt, ht, tsc, tscinvbit, bmi1, bmi2, adx

Memory: 4k page, physical 16736132k(7738492k free), swap 18833284k(3988k free)

vm_info: Java HotSpot(TM) 64-Bit Server VM (25.231-b11) for windows-amd64 JRE (1.8.0_231-b11), built on Oct  5 2019 03:11:30 by "java_re" with MS VC++ 10.0 (VS2010)

time: Sat Mar 07 17:34:02 2020
timezone: 中国标准时间
elapsed time: 2 seconds (0d 0h 0m 2s)

